Build started 5/18/2012 5:31:08 AM.
     1>Project "c:\Users\Daniel\documents\visual studio 11\Projects\A-Star Algorithm\A-Star Algorithm\A-Star Algorithm.vcxproj" on node 2 (Build target(s)).
     1>InitializeBuildStatus:
         Creating "Debug\A-Star Algorithm.unsuccessfulbuild" because "AlwaysCreate" was specified.
       ClCompile:
         C:\Program Files (x86)\Microsoft Visual Studio 11.0\VC\bin\CL.exe /c /ZI /nologo /W3 /WX- /Od /Oy- /D _MBCS /Gm /EHsc /RTC1 /MDd /GS /fp:precise /Zc:wchar_t /Zc:forScope /Fo"Debug\\" /Fd"Debug\vc110.pdb" /Gd /TP /analyze- /errorReport:prompt Main.cpp
         Main.cpp
     1>c:\users\daniel\documents\visual studio 11\projects\a-star algorithm\a-star algorithm\main.cpp(245): warning C4018: '<=' : signed/unsigned mismatch
     1>c:\users\daniel\documents\visual studio 11\projects\a-star algorithm\a-star algorithm\main.cpp(260): warning C4018: '<' : signed/unsigned mismatch
     1>c:\users\daniel\documents\visual studio 11\projects\a-star algorithm\a-star algorithm\main.cpp(272): warning C4018: '<' : signed/unsigned mismatch
       ManifestResourceCompile:
         All outputs are up-to-date.
       Link:
         C:\Program Files (x86)\Microsoft Visual Studio 11.0\VC\bin\link.exe /ERRORREPORT:PROMPT /OUT:"c:\users\daniel\documents\visual studio 11\Projects\A-Star Algorithm\Debug\A-Star Algorithm.exe" /INCREMENTAL /NOLOGO kernel32.lib user32.lib gdi32.lib winspool.lib comdlg32.lib advapi32.lib shell32.lib ole32.lib oleaut32.lib uuid.lib odbc32.lib odbccp32.lib /MANIFEST /ManifestFile:"Debug\A-Star Algorithm.exe.intermediate.manifest" /MANIFESTUAC:"level='asInvoker' uiAccess='false'" /DEBUG /PDB:"c:\users\daniel\documents\visual studio 11\Projects\A-Star Algorithm\Debug\A-Star Algorithm.pdb" /TLBID:1 /DYNAMICBASE /NXCOMPAT /IMPLIB:"c:\users\daniel\documents\visual studio 11\Projects\A-Star Algorithm\Debug\A-Star Algorithm.lib" /MACHINE:X86 Debug\Heuristic.obj
         Debug\Main.obj
         Debug\Vector2D.obj
         "Debug\A-Star Algorithm.exe.embed.manifest.res"
         LINK : padding exhausted: performing full link
       Manifest:
         C:\Program Files (x86)\Windows Kits\8.0\bin\x86\mt.exe /nologo /verbose /out:"Debug\A-Star Algorithm.exe.embed.manifest" /manifest "Debug\A-Star Algorithm.exe.intermediate.manifest"
         All outputs are up-to-date.
       LinkEmbedManifest:
         All outputs are up-to-date.
         A-Star Algorithm.vcxproj -> c:\users\daniel\documents\visual studio 11\Projects\A-Star Algorithm\Debug\A-Star Algorithm.exe
       FinalizeBuildStatus:
         Deleting file "Debug\A-Star Algorithm.unsuccessfulbuild".
         Touching "Debug\A-Star Algorithm.lastbuildstate".
     1>Done Building Project "c:\Users\Daniel\documents\visual studio 11\Projects\A-Star Algorithm\A-Star Algorithm\A-Star Algorithm.vcxproj" (Build target(s)).

Build succeeded.

Time Elapsed 00:00:00.80
