C:\USERS\DANIEL\DOCUMENTS\VISUAL STUDIO 11\PROJECTS\A-STAR ALGORITHM\A-STAR ALGORITHM\DEBUG\A-STAR ALGORITHM.EXE.EMBED.MANIFEST
C:\USERS\DANIEL\DOCUMENTS\VISUAL STUDIO 11\PROJECTS\A-STAR ALGORITHM\A-STAR ALGORITHM\DEBUG\A-STAR ALGORITHM.EXE.EMBED.MANIFEST.RES
C:\USERS\DANIEL\DOCUMENTS\VISUAL STUDIO 11\PROJECTS\A-STAR ALGORITHM\A-STAR ALGORITHM\DEBUG\A-STAR ALGORITHM.EXE.INTERMEDIATE.MANIFEST
c:\Users\Daniel\documents\visual studio 11\Projects\A-Star Algorithm\A-Star Algorithm\Debug\A-Star Algorithm_manifest.rc
c:\Users\Daniel\documents\visual studio 11\Projects\A-Star Algorithm\A-Star Algorithm\Debug\cl.command.1.tlog
c:\Users\Daniel\documents\visual studio 11\Projects\A-Star Algorithm\A-Star Algorithm\Debug\CL.read.1.tlog
c:\Users\Daniel\documents\visual studio 11\Projects\A-Star Algorithm\A-Star Algorithm\Debug\CL.write.1.tlog
C:\USERS\DANIEL\DOCUMENTS\VISUAL STUDIO 11\PROJECTS\A-STAR ALGORITHM\A-STAR ALGORITHM\DEBUG\HEURISTIC.OBJ
c:\Users\Daniel\documents\visual studio 11\Projects\A-Star Algorithm\A-Star Algorithm\Debug\link.10476.read.1.tlog
c:\Users\Daniel\documents\visual studio 11\Projects\A-Star Algorithm\A-Star Algorithm\Debug\link.10476.write.1.tlog
c:\Users\Daniel\documents\visual studio 11\Projects\A-Star Algorithm\A-Star Algorithm\Debug\link.10476-cvtres.read.1.tlog
c:\Users\Daniel\documents\visual studio 11\Projects\A-Star Algorithm\A-Star Algorithm\Debug\link.10476-cvtres.write.1.tlog
c:\Users\Daniel\documents\visual studio 11\Projects\A-Star Algorithm\A-Star Algorithm\Debug\link.10676.read.1.tlog
c:\Users\Daniel\documents\visual studio 11\Projects\A-Star Algorithm\A-Star Algorithm\Debug\link.10676.write.1.tlog
c:\Users\Daniel\documents\visual studio 11\Projects\A-Star Algorithm\A-Star Algorithm\Debug\link.10676-cvtres.read.1.tlog
c:\Users\Daniel\documents\visual studio 11\Projects\A-Star Algorithm\A-Star Algorithm\Debug\link.10676-cvtres.write.1.tlog
c:\Users\Daniel\documents\visual studio 11\Projects\A-Star Algorithm\A-Star Algorithm\Debug\link.10788.read.1.tlog
c:\Users\Daniel\documents\visual studio 11\Projects\A-Star Algorithm\A-Star Algorithm\Debug\link.10788.write.1.tlog
c:\Users\Daniel\documents\visual studio 11\Projects\A-Star Algorithm\A-Star Algorithm\Debug\link.10788-cvtres.read.1.tlog
c:\Users\Daniel\documents\visual studio 11\Projects\A-Star Algorithm\A-Star Algorithm\Debug\link.10788-cvtres.write.1.tlog
c:\Users\Daniel\documents\visual studio 11\Projects\A-Star Algorithm\A-Star Algorithm\Debug\link.2612.read.1.tlog
c:\Users\Daniel\documents\visual studio 11\Projects\A-Star Algorithm\A-Star Algorithm\Debug\link.2612.write.1.tlog
c:\Users\Daniel\documents\visual studio 11\Projects\A-Star Algorithm\A-Star Algorithm\Debug\link.2612-cvtres.read.1.tlog
c:\Users\Daniel\documents\visual studio 11\Projects\A-Star Algorithm\A-Star Algorithm\Debug\link.2612-cvtres.write.1.tlog
c:\Users\Daniel\documents\visual studio 11\Projects\A-Star Algorithm\A-Star Algorithm\Debug\link.3032.read.1.tlog
c:\Users\Daniel\documents\visual studio 11\Projects\A-Star Algorithm\A-Star Algorithm\Debug\link.3032.write.1.tlog
c:\Users\Daniel\documents\visual studio 11\Projects\A-Star Algorithm\A-Star Algorithm\Debug\link.3032-cvtres.read.1.tlog
c:\Users\Daniel\documents\visual studio 11\Projects\A-Star Algorithm\A-Star Algorithm\Debug\link.3032-cvtres.write.1.tlog
c:\Users\Daniel\documents\visual studio 11\Projects\A-Star Algorithm\A-Star Algorithm\Debug\link.3248.read.1.tlog
c:\Users\Daniel\documents\visual studio 11\Projects\A-Star Algorithm\A-Star Algorithm\Debug\link.3248.write.1.tlog
c:\Users\Daniel\documents\visual studio 11\Projects\A-Star Algorithm\A-Star Algorithm\Debug\link.3248-cvtres.read.1.tlog
c:\Users\Daniel\documents\visual studio 11\Projects\A-Star Algorithm\A-Star Algorithm\Debug\link.3248-cvtres.write.1.tlog
c:\Users\Daniel\documents\visual studio 11\Projects\A-Star Algorithm\A-Star Algorithm\Debug\link.5404.read.1.tlog
c:\Users\Daniel\documents\visual studio 11\Projects\A-Star Algorithm\A-Star Algorithm\Debug\link.5404.write.1.tlog
c:\Users\Daniel\documents\visual studio 11\Projects\A-Star Algorithm\A-Star Algorithm\Debug\link.5404-cvtres.read.1.tlog
c:\Users\Daniel\documents\visual studio 11\Projects\A-Star Algorithm\A-Star Algorithm\Debug\link.5404-cvtres.write.1.tlog
c:\Users\Daniel\documents\visual studio 11\Projects\A-Star Algorithm\A-Star Algorithm\Debug\link.6408.read.1.tlog
c:\Users\Daniel\documents\visual studio 11\Projects\A-Star Algorithm\A-Star Algorithm\Debug\link.6408.write.1.tlog
c:\Users\Daniel\documents\visual studio 11\Projects\A-Star Algorithm\A-Star Algorithm\Debug\link.6408-cvtres.read.1.tlog
c:\Users\Daniel\documents\visual studio 11\Projects\A-Star Algorithm\A-Star Algorithm\Debug\link.6408-cvtres.write.1.tlog
c:\Users\Daniel\documents\visual studio 11\Projects\A-Star Algorithm\A-Star Algorithm\Debug\link.6660.read.1.tlog
c:\Users\Daniel\documents\visual studio 11\Projects\A-Star Algorithm\A-Star Algorithm\Debug\link.6660.write.1.tlog
c:\Users\Daniel\documents\visual studio 11\Projects\A-Star Algorithm\A-Star Algorithm\Debug\link.6660-cvtres.read.1.tlog
c:\Users\Daniel\documents\visual studio 11\Projects\A-Star Algorithm\A-Star Algorithm\Debug\link.6660-cvtres.write.1.tlog
c:\Users\Daniel\documents\visual studio 11\Projects\A-Star Algorithm\A-Star Algorithm\Debug\link.6728.read.1.tlog
c:\Users\Daniel\documents\visual studio 11\Projects\A-Star Algorithm\A-Star Algorithm\Debug\link.6728.write.1.tlog
c:\Users\Daniel\documents\visual studio 11\Projects\A-Star Algorithm\A-Star Algorithm\Debug\link.6728-cvtres.read.1.tlog
c:\Users\Daniel\documents\visual studio 11\Projects\A-Star Algorithm\A-Star Algorithm\Debug\link.6728-cvtres.write.1.tlog
c:\Users\Daniel\documents\visual studio 11\Projects\A-Star Algorithm\A-Star Algorithm\Debug\link.6796.read.1.tlog
c:\Users\Daniel\documents\visual studio 11\Projects\A-Star Algorithm\A-Star Algorithm\Debug\link.6796.write.1.tlog
c:\Users\Daniel\documents\visual studio 11\Projects\A-Star Algorithm\A-Star Algorithm\Debug\link.6796-cvtres.read.1.tlog
c:\Users\Daniel\documents\visual studio 11\Projects\A-Star Algorithm\A-Star Algorithm\Debug\link.6796-cvtres.write.1.tlog
c:\Users\Daniel\documents\visual studio 11\Projects\A-Star Algorithm\A-Star Algorithm\Debug\link.6896.read.1.tlog
c:\Users\Daniel\documents\visual studio 11\Projects\A-Star Algorithm\A-Star Algorithm\Debug\link.6896.write.1.tlog
c:\Users\Daniel\documents\visual studio 11\Projects\A-Star Algorithm\A-Star Algorithm\Debug\link.6896-cvtres.read.1.tlog
c:\Users\Daniel\documents\visual studio 11\Projects\A-Star Algorithm\A-Star Algorithm\Debug\link.6896-cvtres.write.1.tlog
c:\Users\Daniel\documents\visual studio 11\Projects\A-Star Algorithm\A-Star Algorithm\Debug\link.7796.read.1.tlog
c:\Users\Daniel\documents\visual studio 11\Projects\A-Star Algorithm\A-Star Algorithm\Debug\link.7796.write.1.tlog
c:\Users\Daniel\documents\visual studio 11\Projects\A-Star Algorithm\A-Star Algorithm\Debug\link.7796-cvtres.read.1.tlog
c:\Users\Daniel\documents\visual studio 11\Projects\A-Star Algorithm\A-Star Algorithm\Debug\link.7796-cvtres.write.1.tlog
c:\Users\Daniel\documents\visual studio 11\Projects\A-Star Algorithm\A-Star Algorithm\Debug\link.8024.read.1.tlog
c:\Users\Daniel\documents\visual studio 11\Projects\A-Star Algorithm\A-Star Algorithm\Debug\link.8024.write.1.tlog
c:\Users\Daniel\documents\visual studio 11\Projects\A-Star Algorithm\A-Star Algorithm\Debug\link.8024-cvtres.read.1.tlog
c:\Users\Daniel\documents\visual studio 11\Projects\A-Star Algorithm\A-Star Algorithm\Debug\link.8024-cvtres.write.1.tlog
c:\Users\Daniel\documents\visual studio 11\Projects\A-Star Algorithm\A-Star Algorithm\Debug\link.8188.read.1.tlog
c:\Users\Daniel\documents\visual studio 11\Projects\A-Star Algorithm\A-Star Algorithm\Debug\link.8188.write.1.tlog
c:\Users\Daniel\documents\visual studio 11\Projects\A-Star Algorithm\A-Star Algorithm\Debug\link.8188-cvtres.read.1.tlog
c:\Users\Daniel\documents\visual studio 11\Projects\A-Star Algorithm\A-Star Algorithm\Debug\link.8188-cvtres.write.1.tlog
c:\Users\Daniel\documents\visual studio 11\Projects\A-Star Algorithm\A-Star Algorithm\Debug\link.8480.read.1.tlog
c:\Users\Daniel\documents\visual studio 11\Projects\A-Star Algorithm\A-Star Algorithm\Debug\link.8480.write.1.tlog
c:\Users\Daniel\documents\visual studio 11\Projects\A-Star Algorithm\A-Star Algorithm\Debug\link.8480-cvtres.read.1.tlog
c:\Users\Daniel\documents\visual studio 11\Projects\A-Star Algorithm\A-Star Algorithm\Debug\link.8480-cvtres.write.1.tlog
c:\Users\Daniel\documents\visual studio 11\Projects\A-Star Algorithm\A-Star Algorithm\Debug\link.8600.read.1.tlog
c:\Users\Daniel\documents\visual studio 11\Projects\A-Star Algorithm\A-Star Algorithm\Debug\link.8600.write.1.tlog
c:\Users\Daniel\documents\visual studio 11\Projects\A-Star Algorithm\A-Star Algorithm\Debug\link.8600-cvtres.read.1.tlog
c:\Users\Daniel\documents\visual studio 11\Projects\A-Star Algorithm\A-Star Algorithm\Debug\link.8600-cvtres.write.1.tlog
c:\Users\Daniel\documents\visual studio 11\Projects\A-Star Algorithm\A-Star Algorithm\Debug\link.8676.read.1.tlog
c:\Users\Daniel\documents\visual studio 11\Projects\A-Star Algorithm\A-Star Algorithm\Debug\link.8676.write.1.tlog
c:\Users\Daniel\documents\visual studio 11\Projects\A-Star Algorithm\A-Star Algorithm\Debug\link.8676-cvtres.read.1.tlog
c:\Users\Daniel\documents\visual studio 11\Projects\A-Star Algorithm\A-Star Algorithm\Debug\link.8676-cvtres.write.1.tlog
c:\Users\Daniel\documents\visual studio 11\Projects\A-Star Algorithm\A-Star Algorithm\Debug\link.8700.read.1.tlog
c:\Users\Daniel\documents\visual studio 11\Projects\A-Star Algorithm\A-Star Algorithm\Debug\link.8700.write.1.tlog
c:\Users\Daniel\documents\visual studio 11\Projects\A-Star Algorithm\A-Star Algorithm\Debug\link.8700-cvtres.read.1.tlog
c:\Users\Daniel\documents\visual studio 11\Projects\A-Star Algorithm\A-Star Algorithm\Debug\link.8700-cvtres.write.1.tlog
c:\Users\Daniel\documents\visual studio 11\Projects\A-Star Algorithm\A-Star Algorithm\Debug\link.9284.read.1.tlog
c:\Users\Daniel\documents\visual studio 11\Projects\A-Star Algorithm\A-Star Algorithm\Debug\link.9284.write.1.tlog
c:\Users\Daniel\documents\visual studio 11\Projects\A-Star Algorithm\A-Star Algorithm\Debug\link.9284-cvtres.read.1.tlog
c:\Users\Daniel\documents\visual studio 11\Projects\A-Star Algorithm\A-Star Algorithm\Debug\link.9284-cvtres.write.1.tlog
c:\Users\Daniel\documents\visual studio 11\Projects\A-Star Algorithm\A-Star Algorithm\Debug\link.9664.read.1.tlog
c:\Users\Daniel\documents\visual studio 11\Projects\A-Star Algorithm\A-Star Algorithm\Debug\link.9664.write.1.tlog
c:\Users\Daniel\documents\visual studio 11\Projects\A-Star Algorithm\A-Star Algorithm\Debug\link.9664-cvtres.read.1.tlog
c:\Users\Daniel\documents\visual studio 11\Projects\A-Star Algorithm\A-Star Algorithm\Debug\link.9664-cvtres.write.1.tlog
c:\Users\Daniel\documents\visual studio 11\Projects\A-Star Algorithm\A-Star Algorithm\Debug\link.9952.read.1.tlog
c:\Users\Daniel\documents\visual studio 11\Projects\A-Star Algorithm\A-Star Algorithm\Debug\link.9952.write.1.tlog
c:\Users\Daniel\documents\visual studio 11\Projects\A-Star Algorithm\A-Star Algorithm\Debug\link.9952-cvtres.read.1.tlog
c:\Users\Daniel\documents\visual studio 11\Projects\A-Star Algorithm\A-Star Algorithm\Debug\link.9952-cvtres.write.1.tlog
c:\Users\Daniel\documents\visual studio 11\Projects\A-Star Algorithm\A-Star Algorithm\Debug\link.9960.read.1.tlog
c:\Users\Daniel\documents\visual studio 11\Projects\A-Star Algorithm\A-Star Algorithm\Debug\link.9960.write.1.tlog
c:\Users\Daniel\documents\visual studio 11\Projects\A-Star Algorithm\A-Star Algorithm\Debug\link.9960-cvtres.read.1.tlog
c:\Users\Daniel\documents\visual studio 11\Projects\A-Star Algorithm\A-Star Algorithm\Debug\link.9960-cvtres.write.1.tlog
c:\Users\Daniel\documents\visual studio 11\Projects\A-Star Algorithm\A-Star Algorithm\Debug\link.command.1.tlog
c:\Users\Daniel\documents\visual studio 11\Projects\A-Star Algorithm\A-Star Algorithm\Debug\link.read.1.tlog
c:\Users\Daniel\documents\visual studio 11\Projects\A-Star Algorithm\A-Star Algorithm\Debug\link.write.1.tlog
c:\Users\Daniel\documents\visual studio 11\Projects\A-Star Algorithm\A-Star Algorithm\Debug\link-cvtres.read.1.tlog
c:\Users\Daniel\documents\visual studio 11\Projects\A-Star Algorithm\A-Star Algorithm\Debug\link-cvtres.write.1.tlog
C:\USERS\DANIEL\DOCUMENTS\VISUAL STUDIO 11\PROJECTS\A-STAR ALGORITHM\A-STAR ALGORITHM\DEBUG\MAIN.OBJ
c:\Users\Daniel\documents\visual studio 11\Projects\A-Star Algorithm\A-Star Algorithm\Debug\mt.command.1.tlog
c:\Users\Daniel\documents\visual studio 11\Projects\A-Star Algorithm\A-Star Algorithm\Debug\mt.read.1.tlog
c:\Users\Daniel\documents\visual studio 11\Projects\A-Star Algorithm\A-Star Algorithm\Debug\mt.write.1.tlog
C:\USERS\DANIEL\DOCUMENTS\VISUAL STUDIO 11\PROJECTS\A-STAR ALGORITHM\A-STAR ALGORITHM\DEBUG\OLD.OBJ
c:\Users\Daniel\documents\visual studio 11\Projects\A-Star Algorithm\A-Star Algorithm\Debug\rc.command.1.tlog
c:\Users\Daniel\documents\visual studio 11\Projects\A-Star Algorithm\A-Star Algorithm\Debug\rc.read.1.tlog
c:\Users\Daniel\documents\visual studio 11\Projects\A-Star Algorithm\A-Star Algorithm\Debug\rc.write.1.tlog
c:\Users\Daniel\documents\visual studio 11\Projects\A-Star Algorithm\A-Star Algorithm\Debug\vc110.idb
C:\USERS\DANIEL\DOCUMENTS\VISUAL STUDIO 11\PROJECTS\A-STAR ALGORITHM\A-STAR ALGORITHM\DEBUG\VC110.PDB
C:\USERS\DANIEL\DOCUMENTS\VISUAL STUDIO 11\PROJECTS\A-STAR ALGORITHM\A-STAR ALGORITHM\DEBUG\VECTOR2D.OBJ
C:\USERS\DANIEL\DOCUMENTS\VISUAL STUDIO 11\PROJECTS\A-STAR ALGORITHM\DEBUG\A-STAR ALGORITHM.EXE
C:\USERS\DANIEL\DOCUMENTS\VISUAL STUDIO 11\PROJECTS\A-STAR ALGORITHM\DEBUG\A-STAR ALGORITHM.ILK
C:\USERS\DANIEL\DOCUMENTS\VISUAL STUDIO 11\PROJECTS\A-STAR ALGORITHM\DEBUG\A-STAR ALGORITHM.PDB
